<?xml version="1.0" encoding="UTF-8"?>
<!-- Generated by org.testng.reporters.JUnitXMLReporter -->
<testsuite ignored="0" hostname="LAPTOP-AFQPLSSL" failures="1" tests="2" name="Default test" time="10.593" errors="0" timestamp="2023-05-01T10:06:31 IST">
  <testcase classname="io.cucumber.testng.AbstractTestNGCucumberTests" name="runScenario" time="6.786"/>
  <testcase classname="io.cucumber.testng.AbstractTestNGCucumberTests" name="runScenario" time="2.684">
    <failure type="java.lang.NullPointerException" message="Cannot invoke &amp;quot;org.openqa.selenium.WebElement.findElement(org.openqa.selenium.By)&amp;quot; because &amp;quot;selectprodone&amp;quot; is null">
      <![CDATA[java.lang.NullPointerException: Cannot invoke "org.openqa.selenium.WebElement.findElement(org.openqa.selenium.By)" because "selectprodone" is null
at SeleniumFrameworkDesign.pageobjects.ProductCatalogue.addProductToCart(ProductCatalogue.java:55)
at rahulsheetyacademy.stepDefinition.StepDefinitionimpli.i_add_product_to_cart(StepDefinitionimpli.java:39)
at ✽.I add product <productName> to Cart(file:///C:/Users/user/eclipse-workspace/SeleniumFrameworkDesign/src/test/java/cucumber/SubmitOrder.feature:12)
]]>
    </failure>
  </testcase> <!-- runScenario -->
</testsuite> <!-- Default test -->
