<?xml version="1.0" encoding="UTF-8"?>
<!-- Generated by org.testng.reporters.JUnitXMLReporter -->
<testsuite ignored="0" hostname="LAPTOP-AFQPLSSL" failures="0" tests="3" name="Submit Order Test" time="334.948" errors="0" timestamp="2023-04-26T21:16:01 IST">
  <testcase classname="SeleniumFrameworkDesign.tests.SubmitOrderTest" name="submitOrder" time="15.778"/>
  <testcase classname="SeleniumFrameworkDesign.tests.SubmitOrderTest" name="submitOrder" time="16.743"/>
  <testcase classname="SeleniumFrameworkDesign.tests.SubmitOrderTest" name="OrderHistoryTest" time="1.027"/>
</testsuite> <!-- Submit Order Test -->
